This is pdfTeX, Version 3.14159265-2.6-1.40.20 (TeX Live 2019/W32TeX) (preloaded format=pdflatex 2019.7.20)  10 AUG 2019 18:07
entering extended mode
 restricted \write18 enabled.
 %&-line parsing enabled.
**assignment.tex
(./assignment.tex
LaTeX2e <2018-12-01>
(e:/Program Files/TeXLive/texlive/2019/texmf-dist/tex/latex/base/article.cls
Document Class: article 2018/09/03 v1.4i Standard LaTeX document class
(e:/Program Files/TeXLive/texlive/2019/texmf-dist/tex/latex/base/size10.clo
File: size10.clo 2018/09/03 v1.4i Standard LaTeX file (size option)
)
\c@part=\count80
\c@section=\count81
\c@subsection=\count82
\c@subsubsection=\count83
\c@paragraph=\count84
\c@subparagraph=\count85
\c@figure=\count86
\c@table=\count87
\abovecaptionskip=\skip41
\belowcaptionskip=\skip42
\bibindent=\dimen102
)
(e:/Program Files/TeXLive/texlive/2019/texmf-dist/tex/latex/fancyhdr/fancyhdr.s
ty
Package: fancyhdr 2019/01/31 v3.10 Extensive control of page headers and footer
s
\f@nch@headwidth=\skip43
\f@nch@O@elh=\skip44
\f@nch@O@erh=\skip45
\f@nch@O@olh=\skip46
\f@nch@O@orh=\skip47
\f@nch@O@elf=\skip48
\f@nch@O@erf=\skip49
\f@nch@O@olf=\skip50
\f@nch@O@orf=\skip51
)
(e:/Program Files/TeXLive/texlive/2019/texmf-dist/tex/latex/titlesec/titlesec.s
ty
Package: titlesec 2016/03/21 v2.10.2 Sectioning titles
\ttl@box=\box27
\beforetitleunit=\skip52
\aftertitleunit=\skip53
\ttl@plus=\dimen103
\ttl@minus=\dimen104
\ttl@toksa=\toks14
\titlewidth=\dimen105
\titlewidthlast=\dimen106
\titlewidthfirst=\dimen107
)
(e:/Program Files/TeXLive/texlive/2019/texmf-dist/tex/latex/hyperref/hyperref.s
ty
Package: hyperref 2018/11/30 v6.88e Hypertext links for LaTeX

(e:/Program Files/TeXLive/texlive/2019/texmf-dist/tex/generic/oberdiek/hobsub-h
yperref.sty
Package: hobsub-hyperref 2016/05/16 v1.14 Bundle oberdiek, subset hyperref (HO)


(e:/Program Files/TeXLive/texlive/2019/texmf-dist/tex/generic/oberdiek/hobsub-g
eneric.sty
Package: hobsub-generic 2016/05/16 v1.14 Bundle oberdiek, subset generic (HO)
Package: hobsub 2016/05/16 v1.14 Construct package bundles (HO)
Package: infwarerr 2016/05/16 v1.4 Providing info/warning/error messages (HO)
Package: ltxcmds 2016/05/16 v1.23 LaTeX kernel commands for general use (HO)
Package: ifluatex 2016/05/16 v1.4 Provides the ifluatex switch (HO)
Package ifluatex Info: LuaTeX not detected.
Package: ifvtex 2016/05/16 v1.6 Detect VTeX and its facilities (HO)
Package ifvtex Info: VTeX not detected.
Package: intcalc 2016/05/16 v1.2 Expandable calculations with integers (HO)
Package: ifpdf 2018/09/07 v3.3 Provides the ifpdf switch
Package: etexcmds 2016/05/16 v1.6 Avoid name clashes with e-TeX commands (HO)
Package: kvsetkeys 2016/05/16 v1.17 Key value parser (HO)
Package: kvdefinekeys 2016/05/16 v1.4 Define keys (HO)
Package: pdftexcmds 2018/09/10 v0.29 Utility functions of pdfTeX for LuaTeX (HO
)
Package pdftexcmds Info: LuaTeX not detected.
Package pdftexcmds Info: \pdf@primitive is available.
Package pdftexcmds Info: \pdf@ifprimitive is available.
Package pdftexcmds Info: \pdfdraftmode found.
Package: pdfescape 2016/05/16 v1.14 Implements pdfTeX's escape features (HO)
Package: bigintcalc 2016/05/16 v1.4 Expandable calculations on big integers (HO
)
Package: bitset 2016/05/16 v1.2 Handle bit-vector datatype (HO)
Package: uniquecounter 2016/05/16 v1.3 Provide unlimited unique counter (HO)
)
Package hobsub Info: Skipping package `hobsub' (already loaded).
Package: letltxmacro 2016/05/16 v1.5 Let assignment for LaTeX macros (HO)
Package: hopatch 2016/05/16 v1.3 Wrapper for package hooks (HO)
Package: xcolor-patch 2016/05/16 xcolor patch
Package: atveryend 2016/05/16 v1.9 Hooks at the very end of document (HO)
Package atveryend Info: \enddocument detected (standard20110627).
Package: atbegshi 2016/06/09 v1.18 At begin shipout hook (HO)
Package: refcount 2016/05/16 v3.5 Data extraction from label references (HO)
Package: hycolor 2016/05/16 v1.8 Color options for hyperref/bookmark (HO)
)
(e:/Program Files/TeXLive/texlive/2019/texmf-dist/tex/latex/graphics/keyval.sty
Package: keyval 2014/10/28 v1.15 key=value parser (DPC)
\KV@toks@=\toks15
)
(e:/Program Files/TeXLive/texlive/2019/texmf-dist/tex/generic/ifxetex/ifxetex.s
ty
Package: ifxetex 2010/09/12 v0.6 Provides ifxetex conditional
)
(e:/Program Files/TeXLive/texlive/2019/texmf-dist/tex/latex/oberdiek/auxhook.st
y
Package: auxhook 2016/05/16 v1.4 Hooks for auxiliary files (HO)
)
(e:/Program Files/TeXLive/texlive/2019/texmf-dist/tex/latex/oberdiek/kvoptions.
sty
Package: kvoptions 2016/05/16 v3.12 Key value format for package options (HO)
)
\@linkdim=\dimen108
\Hy@linkcounter=\count88
\Hy@pagecounter=\count89

(e:/Program Files/TeXLive/texlive/2019/texmf-dist/tex/latex/hyperref/pd1enc.def
File: pd1enc.def 2018/11/30 v6.88e Hyperref: PDFDocEncoding definition (HO)
Now handling font encoding PD1 ...
... no UTF-8 mapping file for font encoding PD1
)
\Hy@SavedSpaceFactor=\count90

(e:/Program Files/TeXLive/texlive/2019/texmf-dist/tex/latex/latexconfig/hyperre
f.cfg
File: hyperref.cfg 2002/06/06 v1.2 hyperref configuration of TeXLive
)
Package hyperref Info: Hyper figures OFF on input line 4519.
Package hyperref Info: Link nesting OFF on input line 4524.
Package hyperref Info: Hyper index ON on input line 4527.
Package hyperref Info: Plain pages OFF on input line 4534.
Package hyperref Info: Backreferencing OFF on input line 4539.
Package hyperref Info: Implicit mode ON; LaTeX internals redefined.
Package hyperref Info: Bookmarks ON on input line 4772.
\c@Hy@tempcnt=\count91
 (e:/Program Files/TeXLive/texlive/2019/texmf-dist/tex/latex/url/url.sty
\Urlmuskip=\muskip10
Package: url 2013/09/16  ver 3.4  Verb mode for urls, etc.
)
LaTeX Info: Redefining \url on input line 5125.
\XeTeXLinkMargin=\dimen109
\Fld@menulength=\count92
\Field@Width=\dimen110
\Fld@charsize=\dimen111
Package hyperref Info: Hyper figures OFF on input line 6380.
Package hyperref Info: Link nesting OFF on input line 6385.
Package hyperref Info: Hyper index ON on input line 6388.
Package hyperref Info: backreferencing OFF on input line 6395.
Package hyperref Info: Link coloring OFF on input line 6400.
Package hyperref Info: Link coloring with OCG OFF on input line 6405.
Package hyperref Info: PDF/A mode OFF on input line 6410.
LaTeX Info: Redefining \ref on input line 6450.
LaTeX Info: Redefining \pageref on input line 6454.
\Hy@abspage=\count93
\c@Item=\count94
\c@Hfootnote=\count95
)
Package hyperref Info: Driver (autodetected): hpdftex.

(e:/Program Files/TeXLive/texlive/2019/texmf-dist/tex/latex/hyperref/hpdftex.de
f
File: hpdftex.def 2018/11/30 v6.88e Hyperref driver for pdfTeX
\Fld@listcount=\count96
\c@bookmark@seq@number=\count97

(e:/Program Files/TeXLive/texlive/2019/texmf-dist/tex/latex/oberdiek/rerunfilec
heck.sty
Package: rerunfilecheck 2016/05/16 v1.8 Rerun checks for auxiliary files (HO)
Package uniquecounter Info: New unique counter `rerunfilecheck' on input line 2
82.
)
\Hy@SectionHShift=\skip54
)
(e:/Program Files/TeXLive/texlive/2019/texmf-dist/tex/latex/amsmath/amsmath.sty
Package: amsmath 2018/12/01 v2.17b AMS math features
\@mathmargin=\skip55
For additional information on amsmath, use the `?' option.

(e:/Program Files/TeXLive/texlive/2019/texmf-dist/tex/latex/amsmath/amstext.sty
Package: amstext 2000/06/29 v2.01 AMS text
(e:/Program Files/TeXLive/texlive/2019/texmf-dist/tex/latex/amsmath/amsgen.sty
File: amsgen.sty 1999/11/30 v2.0 generic functions
\@emptytoks=\toks16
\ex@=\dimen112
))
(e:/Program Files/TeXLive/texlive/2019/texmf-dist/tex/latex/amsmath/amsbsy.sty
Package: amsbsy 1999/11/29 v1.2d Bold Symbols
\pmbraise@=\dimen113
) (e:/Program Files/TeXLive/texlive/2019/texmf-dist/tex/latex/amsmath/amsopn.st
y
Package: amsopn 2016/03/08 v2.02 operator names
)
\inf@bad=\count98
LaTeX Info: Redefining \frac on input line 223.
\uproot@=\count99
\leftroot@=\count100
LaTeX Info: Redefining \overline on input line 385.
\classnum@=\count101
\DOTSCASE@=\count102
LaTeX Info: Redefining \ldots on input line 482.
LaTeX Info: Redefining \dots on input line 485.
LaTeX Info: Redefining \cdots on input line 606.
\Mathstrutbox@=\box28
\strutbox@=\box29
\big@size=\dimen114
LaTeX Font Info:    Redeclaring font encoding OML on input line 729.
LaTeX Font Info:    Redeclaring font encoding OMS on input line 730.
\macc@depth=\count103
\c@MaxMatrixCols=\count104
\dotsspace@=\muskip11
\c@parentequation=\count105
\dspbrk@lvl=\count106
\tag@help=\toks17
\row@=\count107
\column@=\count108
\maxfields@=\count109
\andhelp@=\toks18
\eqnshift@=\dimen115
\alignsep@=\dimen116
\tagshift@=\dimen117
\tagwidth@=\dimen118
\totwidth@=\dimen119
\lineht@=\dimen120
\@envbody=\toks19
\multlinegap=\skip56
\multlinetaggap=\skip57
\mathdisplay@stack=\toks20
LaTeX Info: Redefining \[ on input line 2844.
LaTeX Info: Redefining \] on input line 2845.
)
(e:/Program Files/TeXLive/texlive/2019/texmf-dist/tex/latex/listings/listings.s
ty
\lst@mode=\count110
\lst@gtempboxa=\box30
\lst@token=\toks21
\lst@length=\count111
\lst@currlwidth=\dimen121
\lst@column=\count112
\lst@pos=\count113
\lst@lostspace=\dimen122
\lst@width=\dimen123
\lst@newlines=\count114
\lst@lineno=\count115
\lst@maxwidth=\dimen124

(e:/Program Files/TeXLive/texlive/2019/texmf-dist/tex/latex/listings/lstmisc.st
y
File: lstmisc.sty 2019/02/27 1.8b (Carsten Heinz)
\c@lstnumber=\count116
\lst@skipnumbers=\count117
\lst@framebox=\box31
)
(e:/Program Files/TeXLive/texlive/2019/texmf-dist/tex/latex/listings/listings.c
fg
File: listings.cfg 2019/02/27 1.8b listings configuration
))
Package: listings 2019/02/27 1.8b (Carsten Heinz)

(e:/Program Files/TeXLive/texlive/2019/texmf-dist/tex/latex/xcolor/xcolor.sty
Package: xcolor 2016/05/11 v2.12 LaTeX color extensions (UK)

(e:/Program Files/TeXLive/texlive/2019/texmf-dist/tex/latex/graphics-cfg/color.
cfg
File: color.cfg 2016/01/02 v1.6 sample color configuration
)
Package xcolor Info: Driver file: pdftex.def on input line 225.

(e:/Program Files/TeXLive/texlive/2019/texmf-dist/tex/latex/graphics-def/pdftex
.def
File: pdftex.def 2018/01/08 v1.0l Graphics/color driver for pdftex
)
Package xcolor Info: Model `cmy' substituted by `cmy0' on input line 1348.
Package xcolor Info: Model `hsb' substituted by `rgb' on input line 1352.
Package xcolor Info: Model `RGB' extended on input line 1364.
Package xcolor Info: Model `HTML' substituted by `rgb' on input line 1366.
Package xcolor Info: Model `Hsb' substituted by `hsb' on input line 1367.
Package xcolor Info: Model `tHsb' substituted by `hsb' on input line 1368.
Package xcolor Info: Model `HSB' substituted by `hsb' on input line 1369.
Package xcolor Info: Model `Gray' substituted by `gray' on input line 1370.
Package xcolor Info: Model `wave' substituted by `hsb' on input line 1371.
)
(e:/Program Files/TeXLive/texlive/2019/texmf-dist/tex/latex/graphics/graphicx.s
ty
Package: graphicx 2017/06/01 v1.1a Enhanced LaTeX Graphics (DPC,SPQR)

(e:/Program Files/TeXLive/texlive/2019/texmf-dist/tex/latex/graphics/graphics.s
ty
Package: graphics 2017/06/25 v1.2c Standard LaTeX Graphics (DPC,SPQR)

(e:/Program Files/TeXLive/texlive/2019/texmf-dist/tex/latex/graphics/trig.sty
Package: trig 2016/01/03 v1.10 sin cos tan (DPC)
)
(e:/Program Files/TeXLive/texlive/2019/texmf-dist/tex/latex/graphics-cfg/graphi
cs.cfg
File: graphics.cfg 2016/06/04 v1.11 sample graphics configuration
)
Package graphics Info: Driver file: pdftex.def on input line 99.
)
\Gin@req@height=\dimen125
\Gin@req@width=\dimen126
)
(e:/Program Files/TeXLive/texlive/2019/texmf-dist/tex/latex/subfig/subfig.sty
Package: subfig 2005/06/28 ver: 1.3 subfig package

(e:/Program Files/TeXLive/texlive/2019/texmf-dist/tex/latex/caption/caption.sty
Package: caption 2018/10/06 v3.3-154 Customizing captions (AR)

(e:/Program Files/TeXLive/texlive/2019/texmf-dist/tex/latex/caption/caption3.st
y
Package: caption3 2018/09/12 v1.8c caption3 kernel (AR)
Package caption3 Info: TeX engine: e-TeX on input line 64.
\captionmargin=\dimen127
\captionmargin@=\dimen128
\captionwidth=\dimen129
\caption@tempdima=\dimen130
\caption@indent=\dimen131
\caption@parindent=\dimen132
\caption@hangindent=\dimen133
)
\c@caption@flags=\count118
\c@ContinuedFloat=\count119
Package caption Info: hyperref package is loaded.
Package caption Info: listings package is loaded.
)
\c@KVtest=\count120
\sf@farskip=\skip58
\sf@captopadj=\dimen134
\sf@capskip=\skip59
\sf@nearskip=\skip60
\c@subfigure=\count121
\c@subfigure@save=\count122
\c@lofdepth=\count123
\c@subtable=\count124
\c@subtable@save=\count125
\c@lotdepth=\count126
\sf@top=\skip61
\sf@bottom=\skip62
)
(e:/Program Files/TeXLive/texlive/2019/texmf-dist/tex/latex/listings/lstlang1.s
ty
File: lstlang1.sty 2019/02/27 1.8b listings language file
)
(e:/Program Files/TeXLive/texlive/2019/texmf-dist/tex/latex/listings/lstlang2.s
ty
File: lstlang2.sty 2019/02/27 1.8b listings language file
)
(e:/Program Files/TeXLive/texlive/2019/texmf-dist/tex/latex/listings/lstlang3.s
ty
File: lstlang3.sty 2019/02/27 1.8b listings language file
) (./assignment.aux)
\openout1 = `assignment.aux'.

LaTeX Font Info:    Checking defaults for OML/cmm/m/it on input line 60.
LaTeX Font Info:    ... okay on input line 60.
LaTeX Font Info:    Checking defaults for T1/cmr/m/n on input line 60.
LaTeX Font Info:    ... okay on input line 60.
LaTeX Font Info:    Checking defaults for OT1/cmr/m/n on input line 60.
LaTeX Font Info:    ... okay on input line 60.
LaTeX Font Info:    Checking defaults for OMS/cmsy/m/n on input line 60.
LaTeX Font Info:    ... okay on input line 60.
LaTeX Font Info:    Checking defaults for OMX/cmex/m/n on input line 60.
LaTeX Font Info:    ... okay on input line 60.
LaTeX Font Info:    Checking defaults for U/cmr/m/n on input line 60.
LaTeX Font Info:    ... okay on input line 60.
LaTeX Font Info:    Checking defaults for PD1/pdf/m/n on input line 60.
LaTeX Font Info:    ... okay on input line 60.
\AtBeginShipoutBox=\box32
Package hyperref Info: Link coloring OFF on input line 60.

(e:/Program Files/TeXLive/texlive/2019/texmf-dist/tex/latex/hyperref/nameref.st
y
Package: nameref 2016/05/21 v2.44 Cross-referencing by name of section

(e:/Program Files/TeXLive/texlive/2019/texmf-dist/tex/generic/oberdiek/gettitle
string.sty
Package: gettitlestring 2016/05/16 v1.5 Cleanup title references (HO)
)
\c@section@level=\count127
)
LaTeX Info: Redefining \ref on input line 60.
LaTeX Info: Redefining \pageref on input line 60.
LaTeX Info: Redefining \nameref on input line 60.
 (./assignment.out) (./assignment.out)
\@outlinefile=\write3
\openout3 = `assignment.out'.

\c@lstlisting=\count128

(e:/Program Files/TeXLive/texlive/2019/texmf-dist/tex/context/base/mkii/supp-pd
f.mkii
[Loading MPS to PDF converter (version 2006.09.02).]
\scratchcounter=\count129
\scratchdimen=\dimen135
\scratchbox=\box33
\nofMPsegments=\count130
\nofMParguments=\count131
\everyMPshowfont=\toks22
\MPscratchCnt=\count132
\MPscratchDim=\dimen136
\MPnumerator=\count133
\makeMPintoPDFobject=\count134
\everyMPtoPDFconversion=\toks23
)
(e:/Program Files/TeXLive/texlive/2019/texmf-dist/tex/latex/oberdiek/epstopdf-b
ase.sty
Package: epstopdf-base 2016/05/15 v2.6 Base part for package epstopdf

(e:/Program Files/TeXLive/texlive/2019/texmf-dist/tex/latex/oberdiek/grfext.sty
Package: grfext 2016/05/16 v1.2 Manage graphics extensions (HO)
)
Package epstopdf-base Info: Redefining graphics rule for `.eps' on input line 4
38.
Package grfext Info: Graphics extension search list:
(grfext)             [.pdf,.png,.jpg,.mps,.jpeg,.jbig2,.jb2,.PDF,.PNG,.JPG,.JPE
G,.JBIG2,.JB2,.eps]
(grfext)             \AppendGraphicsExtensions on input line 456.

(e:/Program Files/TeXLive/texlive/2019/texmf-dist/tex/latex/latexconfig/epstopd
f-sys.cfg
File: epstopdf-sys.cfg 2010/07/13 v1.3 Configuration of (r)epstopdf for TeX Liv
e
))
Package caption Info: Begin \AtBeginDocument code.
Package caption Info: subfig package v1.3 is loaded.
Package caption Info: End \AtBeginDocument code.
 [1

{e:/Program Files/TeXLive/texlive/2019/texmf-var/fonts/map/pdftex/updmap/pdftex
.map}] (./assignment.toc)
\tf@toc=\write4
\openout4 = `assignment.toc'.

 [0]

Package hyperref Warning: The anchor of a bookmark and its parent's must not
(hyperref)                be the same. Added a new anchor on input line 79.


Underfull \hbox (badness 10000) in paragraph at lines 84--99

 []


Underfull \hbox (badness 10000) in paragraph at lines 84--99

 []


Underfull \hbox (badness 10000) in paragraph at lines 84--99

 []

pdfTeX warning (ext4): destination with the same identifier (name{page.1}) has 
been already used, duplicate ignored
<to be read again> 
                   \relax 
l.99 
      [1]

Package hyperref Warning: The anchor of a bookmark and its parent's must not
(hyperref)                be the same. Added a new anchor on input line 104.

[2]

Package hyperref Warning: The anchor of a bookmark and its parent's must not
(hyperref)                be the same. Added a new anchor on input line 165.

LaTeX Font Info:    Try loading font information for OML+cmr on input line 177.

(e:/Program Files/TeXLive/texlive/2019/texmf-dist/tex/latex/base/omlcmr.fd
File: omlcmr.fd 2014/09/29 v2.5h Standard LaTeX font definitions
)
LaTeX Font Info:    Font shape `OML/cmr/m/n' in size <10> not available
(Font)              Font shape `OML/cmm/m/it' tried instead on input line 177.
LaTeX Font Info:    Try loading font information for OMS+cmr on input line 177.


(e:/Program Files/TeXLive/texlive/2019/texmf-dist/tex/latex/base/omscmr.fd
File: omscmr.fd 2014/09/29 v2.5h Standard LaTeX font definitions
)
LaTeX Font Info:    Font shape `OMS/cmr/m/n' in size <10> not available
(Font)              Font shape `OMS/cmsy/m/n' tried instead on input line 177.
<F:/assignment/Figures/square.pdf, id=106, 651.43375pt x 415.5525pt>
File: F:/assignment/Figures/square.pdf Graphic file (type pdf)
<use F:/assignment/Figures/square.pdf>
Package pdftex.def Info: F:/assignment/Figures/square.pdf  used on input line 1
89.
(pdftex.def)             Requested size: 165.59853pt x 105.63159pt.

[3]
<F:/assignment/Figures/power.pdf, id=128, 651.43375pt x 415.5525pt>
File: F:/assignment/Figures/power.pdf Graphic file (type pdf)
<use F:/assignment/Figures/power.pdf>
Package pdftex.def Info: F:/assignment/Figures/power.pdf  used on input line 20
9.
(pdftex.def)             Requested size: 165.59853pt x 105.63159pt.
 [4 <f:/assignment/Figures/square.pdf> <f:/assignment/Figures/power.pdf>]
<F:/assignment/Figures/sinx.pdf, id=164, 651.43375pt x 415.5525pt>
File: F:/assignment/Figures/sinx.pdf Graphic file (type pdf)
<use F:/assignment/Figures/sinx.pdf>
Package pdftex.def Info: F:/assignment/Figures/sinx.pdf  used on input line 227
.
(pdftex.def)             Requested size: 165.59853pt x 105.63159pt.

Underfull \hbox (badness 10000) in paragraph at lines 230--232

 []

[5 <f:/assignment/Figures/sinx.pdf>] [6]
<F:/assignment/Figures/KIDensities.pdf, id=232, 651.43375pt x 415.5525pt>
File: F:/assignment/Figures/KIDensities.pdf Graphic file (type pdf)
<use F:/assignment/Figures/KIDensities.pdf>
Package pdftex.def Info: F:/assignment/Figures/KIDensities.pdf  used on input l
ine 280.
(pdftex.def)             Requested size: 165.59853pt x 105.63159pt.
<F:/assignment/Figures/KIDensitiesSemilog.pdf, id=233, 651.43375pt x 415.5525pt
>
File: F:/assignment/Figures/KIDensitiesSemilog.pdf Graphic file (type pdf)
<use F:/assignment/Figures/KIDensitiesSemilog.pdf>
Package pdftex.def Info: F:/assignment/Figures/KIDensitiesSemilog.pdf  used on 
input line 281.
(pdftex.def)             Requested size: 165.59853pt x 105.63159pt.
<F:/assignment/Figures/KIDensitiesLooks.pdf, id=234, 651.43375pt x 415.5525pt>
File: F:/assignment/Figures/KIDensitiesLooks.pdf Graphic file (type pdf)
<use F:/assignment/Figures/KIDensitiesLooks.pdf>
Package pdftex.def Info: F:/assignment/Figures/KIDensitiesLooks.pdf  used on in
put line 285.
(pdftex.def)             Requested size: 165.59853pt x 105.63159pt.
<F:/assignment/Figures/KIDensitiesSemilogLooks.pdf, id=235, 651.43375pt x 415.5
525pt>
File: F:/assignment/Figures/KIDensitiesSemilogLooks.pdf Graphic file (type pdf)

<use F:/assignment/Figures/KIDensitiesSemilogLooks.pdf>
Package pdftex.def Info: F:/assignment/Figures/KIDensitiesSemilogLooks.pdf  use
d on input line 286.
(pdftex.def)             Requested size: 165.59853pt x 105.63159pt.

Underfull \hbox (badness 10000) in paragraph at lines 289--291

 []

[7 <f:/assignment/Figures/KIDensities.pdf> <f:/assignment/Figures/KIDensitiesSe
milog.pdf> <f:/assignment/Figures/KIDensitiesLooks.pdf> <f:/assignment/Figures/
KIDensitiesSemilogLooks.pdf>] [8]
<F:/assignment/Figures/GI0Densities.pdf, id=307, 651.43375pt x 415.5525pt>
File: F:/assignment/Figures/GI0Densities.pdf Graphic file (type pdf)
<use F:/assignment/Figures/GI0Densities.pdf>
Package pdftex.def Info: F:/assignment/Figures/GI0Densities.pdf  used on input 
line 339.
(pdftex.def)             Requested size: 165.59853pt x 105.63159pt.
<F:/assignment/Figures/GI0DensitiesSemilog.pdf, id=308, 651.43375pt x 415.5525p
t>
File: F:/assignment/Figures/GI0DensitiesSemilog.pdf Graphic file (type pdf)
<use F:/assignment/Figures/GI0DensitiesSemilog.pdf>
Package pdftex.def Info: F:/assignment/Figures/GI0DensitiesSemilog.pdf  used on
 input line 340.
(pdftex.def)             Requested size: 165.59853pt x 105.63159pt.
<F:/assignment/Figures/GI0DensitiesLooks.pdf, id=309, 651.43375pt x 415.5525pt>

File: F:/assignment/Figures/GI0DensitiesLooks.pdf Graphic file (type pdf)
<use F:/assignment/Figures/GI0DensitiesLooks.pdf>
Package pdftex.def Info: F:/assignment/Figures/GI0DensitiesLooks.pdf  used on i
nput line 345.
(pdftex.def)             Requested size: 165.59853pt x 105.63159pt.
<F:/assignment/Figures/GI0DensitiesSemilogLooks.pdf, id=310, 651.43375pt x 415.
5525pt>
File: F:/assignment/Figures/GI0DensitiesSemilogLooks.pdf Graphic file (type pdf
)
<use F:/assignment/Figures/GI0DensitiesSemilogLooks.pdf>
Package pdftex.def Info: F:/assignment/Figures/GI0DensitiesSemilogLooks.pdf  us
ed on input line 346.
(pdftex.def)             Requested size: 165.59853pt x 105.63159pt.
 [9 <f:/assignment/Figures/GI0Densities.pdf> <f:/assignment/Figures/GI0Densitie
sSemilog.pdf> <f:/assignment/Figures/GI0DensitiesLooks.pdf> <f:/assignment/Figu
res/GI0DensitiesSemilogLooks.pdf>]

Package hyperref Warning: The anchor of a bookmark and its parent's must not
(hyperref)                be the same. Added a new anchor on input line 355.


Underfull \hbox (badness 10000) in paragraph at lines 359--361

 []


Package hyperref Warning: The anchor of a bookmark and its parent's must not
(hyperref)                be the same. Added a new anchor on input line 372.


Underfull \hbox (badness 10000) in paragraph at lines 376--378

 []

[10] [11]
<F:/assignment/Figures/HistogramRestrictedUrbanWFitted.pdf, id=417, 404.51125pt
 x 360.34625pt>
File: F:/assignment/Figures/HistogramRestrictedUrbanWFitted.pdf Graphic file (t
ype pdf)
<use F:/assignment/Figures/HistogramRestrictedUrbanWFitted.pdf>
Package pdftex.def Info: F:/assignment/Figures/HistogramRestrictedUrbanWFitted.
pdf  used on input line 437.
(pdftex.def)             Requested size: 345.0pt x 307.33496pt.
 [12 <f:/assignment/Figures/HistogramRestrictedUrbanWFitted.pdf>]
(./assignment.bbl)
Package atveryend Info: Empty hook `BeforeClearDocument' on input line 448.
 [13]
Package atveryend Info: Empty hook `AfterLastShipout' on input line 448.
 (./assignment.aux)
Package atveryend Info: Executing hook `AtVeryEndDocument' on input line 448.
Package atveryend Info: Executing hook `AtEndAfterFileList' on input line 448.
Package rerunfilecheck Info: File `assignment.out' has not changed.
(rerunfilecheck)             Checksum: 058418BEF4ED44DB214DFA632602B4D8;819.
Package atveryend Info: Empty hook `AtVeryVeryEnd' on input line 448.
 ) 
Here is how much of TeX's memory you used:
 10334 strings out of 492623
 150653 string characters out of 6122922
 637326 words of memory out of 5000000
 13918 multiletter control sequences out of 15000+600000
 10376 words of font info for 37 fonts, out of 8000000 for 9000
 1141 hyphenation exceptions out of 8191
 44i,18n,49p,1111b,1975s stack positions out of 5000i,500n,10000p,200000b,80000s
<e:/Program Files/TeXLive/texlive/2019/texmf-dist/fonts/type1/public/amsfonts
/cm/cmbx10.pfb><e:/Program Files/TeXLive/texlive/2019/texmf-dist/fonts/type1/pu
blic/amsfonts/cm/cmbx12.pfb><e:/Program Files/TeXLive/texlive/2019/texmf-dist/f
onts/type1/public/amsfonts/cm/cmex10.pfb><e:/Program Files/TeXLive/texlive/2019
/texmf-dist/fonts/type1/public/amsfonts/cm/cmmi10.pfb><e:/Program Files/TeXLive
/texlive/2019/texmf-dist/fonts/type1/public/amsfonts/cm/cmmi5.pfb><e:/Program F
iles/TeXLive/texlive/2019/texmf-dist/fonts/type1/public/amsfonts/cm/cmmi7.pfb><
e:/Program Files/TeXLive/texlive/2019/texmf-dist/fonts/type1/public/amsfonts/cm
/cmr10.pfb><e:/Program Files/TeXLive/texlive/2019/texmf-dist/fonts/type1/public
/amsfonts/cm/cmr12.pfb><e:/Program Files/TeXLive/texlive/2019/texmf-dist/fonts/
type1/public/amsfonts/cm/cmr5.pfb><e:/Program Files/TeXLive/texlive/2019/texmf-
dist/fonts/type1/public/amsfonts/cm/cmr7.pfb><e:/Program Files/TeXLive/texlive/
2019/texmf-dist/fonts/type1/public/amsfonts/cm/cmr8.pfb><e:/Program Files/TeXLi
ve/texlive/2019/texmf-dist/fonts/type1/public/amsfonts/cm/cmsl10.pfb><e:/Progra
m Files/TeXLive/texlive/2019/texmf-dist/fonts/type1/public/amsfonts/cm/cmsy10.p
fb><e:/Program Files/TeXLive/texlive/2019/texmf-dist/fonts/type1/public/amsfont
s/cm/cmsy5.pfb><e:/Program Files/TeXLive/texlive/2019/texmf-dist/fonts/type1/pu
blic/amsfonts/cm/cmsy7.pfb><e:/Program Files/TeXLive/texlive/2019/texmf-dist/fo
nts/type1/public/amsfonts/cm/cmti10.pfb><e:/Program Files/TeXLive/texlive/2019/
texmf-dist/fonts/type1/public/amsfonts/cm/cmti12.pfb>
Output written on assignment.pdf (15 pages, 300902 bytes).
PDF statistics:
 542 PDF objects out of 1000 (max. 8388607)
 479 compressed objects within 5 object streams
 229 named destinations out of 1000 (max. 500000)
 181 words of extra memory for PDF output out of 10000 (max. 10000000)

